<?xml version="1.0" encoding="UTF-8"?>
<!-- Generated by org.testng.reporters.JUnitReportReporter -->
<testsuite hostname="Livius-MacBook-Air.local" failures="0" tests="4" name="tests.LoginTest" time="24.304" errors="0" timestamp="2022-08-18T23:54:54 EEST" skipped="0">
  <testcase classname="tests.LoginTest" name="testLoginScenarios" time="5.835"/>
  <system-out/>
  <testcase classname="tests.LoginTest" name="testLoginScenarios" time="9.834"/>
  <system-out/>
  <testcase classname="tests.LoginTest" name="testLoginScenarios" time="4.603"/>
  <system-out/>
  <testcase classname="tests.LoginTest" name="testLoginScenarios" time="4.032"/>
  <system-out/>
</testsuite> <!-- tests.LoginTest -->
