<?xml version="1.0" encoding="UTF-8"?>
<!-- Generated by org.testng.reporters.JUnitReportReporter -->
<testsuite hostname="Livius-MacBook-Air.local" failures="0" tests="1" name="tests.OrderTest" time="8.241" errors="0" timestamp="2022-08-18T23:54:54 EEST" skipped="0">
  <testcase classname="tests.OrderTest" name="testAddToCart" time="8.241"/>
  <system-out/>
</testsuite> <!-- tests.OrderTest -->
